DEBUG 2020-12-04 09:28:33,816 ServiceRunner.java:220 - Service SPARK-WORKER FAILED changing state: SHUTTING_DOWN -> NOT_STARTED
DEBUG 2020-12-04 09:28:33,819 ServiceRunner.java:198 - Service SPARK-WORKER state is: NOT_STARTED
INFO  2020-12-04 09:28:33,822 Logging.scala:35 - Spark Master not ready...
DEBUG 2020-12-04 09:28:34,828 ServiceRunner.java:198 - Service SPARK-WORKER state is: NOT_STARTED
INFO  2020-12-04 09:28:34,831 Logging.scala:35 - Spark Master not ready...
DEBUG 2020-12-04 09:28:35,835 ServiceRunner.java:198 - Service SPARK-WORKER state is: NOT_STARTED
INFO  2020-12-04 09:28:35,839 Logging.scala:35 - Spark Master not ready...
DEBUG 2020-12-04 09:28:36,845 ServiceRunner.java:198 - Service SPARK-WORKER state is: NOT_STARTED
INFO  2020-12-04 09:28:36,849 Logging.scala:35 - Spark Master not ready...
DEBUG 2020-12-04 09:28:37,857 ServiceRunner.java:198 - Service SPARK-WORKER state is: NOT_STARTED
INFO  2020-12-04 09:28:37,860 Logging.scala:35 - Spark Master not ready...
DEBUG 2020-12-04 09:28:38,862 ServiceRunner.java:198 - Service SPARK-WORKER state is: NOT_STARTED
INFO  2020-12-04 09:28:38,865 Logging.scala:35 - Spark Master not ready...
DEBUG 2020-12-04 09:28:39,871 ServiceRunner.java:198 - Service SPARK-WORKER state is: NOT_STARTED
INFO  2020-12-04 09:28:39,873 Logging.scala:35 - Spark Master not ready...
DEBUG 2020-12-04 09:28:40,875 ServiceRunner.java:198 - Service SPARK-WORKER state is: NOT_STARTED
INFO  2020-12-04 09:28:40,880 Logging.scala:35 - Spark Master not ready...
DEBUG 2020-12-04 09:28:41,894 ServiceRunner.java:198 - Service SPARK-WORKER state is: NOT_STARTED
INFO  2020-12-04 09:28:41,901 Logging.scala:35 - Spark Master not ready...
DEBUG 2020-12-04 09:28:42,917 ServiceRunner.java:198 - Service SPARK-WORKER state is: NOT_STARTED
INFO  2020-12-04 09:28:42,919 Logging.scala:35 - Spark Master not ready...
DEBUG 2020-12-04 09:28:43,922 ServiceRunner.java:198 - Service SPARK-WORKER state is: NOT_STARTED
INFO  2020-12-04 09:28:43,924 Logging.scala:35 - Spark Master not ready...
DEBUG 2020-12-04 09:28:44,936 ServiceRunner.java:198 - Service SPARK-WORKER state is: NOT_STARTED
INFO  2020-12-04 09:28:44,938 Logging.scala:35 - Spark Master not ready...
DEBUG 2020-12-04 09:28:45,940 ServiceRunner.java:216 - Service SPARK-WORKER changing state: NOT_STARTED -> STARTING
DEBUG 2020-12-04 09:28:45,942 ServiceRunner.java:206 - Service SPARK-WORKER set state: NOT_STARTED -> STARTING
INFO  2020-12-04 09:28:45,945 Logging.scala:35 - Starting SPARK-WORKER service
INFO  2020-12-04 09:28:46,016 Logging.scala:54 - Changing view acls to: dse
INFO  2020-12-04 09:28:46,030 Logging.scala:54 - Changing modify acls to: dse
INFO  2020-12-04 09:28:46,033 Logging.scala:54 - Changing view acls groups to: 
INFO  2020-12-04 09:28:46,037 Logging.scala:54 - Changing modify acls groups to: 
INFO  2020-12-04 09:28:46,040 Logging.scala:54 - SecurityManager: authentication disabled; ui acls disabled; users  with view permissions: Set(dse); groups with view permissions: Set(); users  with modify permissions: Set(dse); groups with modify permissions: Set()
INFO  2020-12-04 09:28:46,242 Logging.scala:54 - Successfully started service 'sparkWorker' on port 39639.
INFO  2020-12-04 09:28:46,714 DseSparkWorker.scala:83 - Temporary data locations: /var/lib/spark/rdd
DEBUG 2020-12-04 09:28:46,732 ServiceRunner.java:216 - Service SPARK-WORKER changing state: STARTING -> RUNNING
DEBUG 2020-12-04 09:28:46,734 ServiceRunner.java:206 - Service SPARK-WORKER set state: STARTING -> RUNNING
INFO  2020-12-04 09:28:46,744 Logging.scala:35 - SPARK-WORKER service is running
INFO  2020-12-04 09:55:01,313 Logging.scala:35 - SPARK-WORKER service finished
DEBUG 2020-12-04 09:55:01,319 ServiceRunner.java:198 - Service SPARK-WORKER state is: SHUTTING_DOWN
DEBUG 2020-12-04 09:55:01,320 ServiceRunner.java:198 - Service SPARK-WORKER state is: SHUTTING_DOWN
DEBUG 2020-12-04 09:55:01,322 ServiceRunner.java:220 - Service SPARK-WORKER FAILED changing state: NOT_STARTED -> SHUTTING_DOWN
DEBUG 2020-12-04 09:55:01,323 ServiceRunner.java:220 - Service SPARK-WORKER FAILED changing state: STARTING -> SHUTTING_DOWN
DEBUG 2020-12-04 09:55:01,324 ServiceRunner.java:220 - Service SPARK-WORKER FAILED changing state: RUNNING -> SHUTTING_DOWN
DEBUG 2020-12-04 09:55:01,327 ServiceRunner.java:216 - Service SPARK-WORKER changing state: SHUTTING_DOWN -> TERMINATED
DEBUG 2020-12-04 09:55:01,328 ServiceRunner.java:206 - Service SPARK-WORKER set state: SHUTTING_DOWN -> TERMINATED
DEBUG 2020-12-04 09:57:46,000 ServiceRunner.java:220 - Service SPARK-WORKER FAILED changing state: SHUTTING_DOWN -> NOT_STARTED
DEBUG 2020-12-04 09:57:46,001 ServiceRunner.java:198 - Service SPARK-WORKER state is: NOT_STARTED
INFO  2020-12-04 09:57:46,005 Logging.scala:35 - Spark Master not ready...
DEBUG 2020-12-04 09:57:47,008 ServiceRunner.java:198 - Service SPARK-WORKER state is: NOT_STARTED
INFO  2020-12-04 09:57:47,010 Logging.scala:35 - Spark Master not ready...
DEBUG 2020-12-04 09:57:47,978 ServiceRunner.java:198 - Service SPARK-WORKER state is: NOT_STARTED
INFO  2020-12-04 09:57:47,983 Logging.scala:35 - Spark Master not ready...
DEBUG 2020-12-04 09:57:48,992 ServiceRunner.java:198 - Service SPARK-WORKER state is: NOT_STARTED
INFO  2020-12-04 09:57:48,994 Logging.scala:35 - Spark Master not ready...
DEBUG 2020-12-04 09:57:49,996 ServiceRunner.java:198 - Service SPARK-WORKER state is: NOT_STARTED
INFO  2020-12-04 09:57:49,998 Logging.scala:35 - Spark Master not ready...
DEBUG 2020-12-04 09:57:51,054 ServiceRunner.java:198 - Service SPARK-WORKER state is: NOT_STARTED
INFO  2020-12-04 09:57:51,058 Logging.scala:35 - Spark Master not ready...
DEBUG 2020-12-04 09:57:52,066 ServiceRunner.java:198 - Service SPARK-WORKER state is: NOT_STARTED
INFO  2020-12-04 09:57:52,072 Logging.scala:35 - Spark Master not ready...
DEBUG 2020-12-04 09:57:53,079 ServiceRunner.java:198 - Service SPARK-WORKER state is: NOT_STARTED
INFO  2020-12-04 09:57:53,081 Logging.scala:35 - Spark Master not ready...
DEBUG 2020-12-04 09:57:54,085 ServiceRunner.java:198 - Service SPARK-WORKER state is: NOT_STARTED
INFO  2020-12-04 09:57:54,087 Logging.scala:35 - Spark Master not ready...
DEBUG 2020-12-04 09:57:55,090 ServiceRunner.java:198 - Service SPARK-WORKER state is: NOT_STARTED
INFO  2020-12-04 09:57:55,092 Logging.scala:35 - Spark Master not ready...
DEBUG 2020-12-04 09:57:56,095 ServiceRunner.java:216 - Service SPARK-WORKER changing state: NOT_STARTED -> STARTING
DEBUG 2020-12-04 09:57:56,097 ServiceRunner.java:206 - Service SPARK-WORKER set state: NOT_STARTED -> STARTING
INFO  2020-12-04 09:57:56,100 Logging.scala:35 - Starting SPARK-WORKER service
INFO  2020-12-04 09:57:56,156 Logging.scala:54 - Changing view acls to: dse
INFO  2020-12-04 09:57:56,159 Logging.scala:54 - Changing modify acls to: dse
INFO  2020-12-04 09:57:56,161 Logging.scala:54 - Changing view acls groups to: 
INFO  2020-12-04 09:57:56,163 Logging.scala:54 - Changing modify acls groups to: 
INFO  2020-12-04 09:57:56,166 Logging.scala:54 - SecurityManager: authentication disabled; ui acls disabled; users  with view permissions: Set(dse); groups with view permissions: Set(); users  with modify permissions: Set(dse); groups with modify permissions: Set()
INFO  2020-12-04 09:57:56,512 Logging.scala:54 - Successfully started service 'sparkWorker' on port 44889.
INFO  2020-12-04 09:57:56,937 DseSparkWorker.scala:83 - Temporary data locations: /var/lib/spark/rdd
DEBUG 2020-12-04 09:57:56,958 ServiceRunner.java:216 - Service SPARK-WORKER changing state: STARTING -> RUNNING
DEBUG 2020-12-04 09:57:56,972 ServiceRunner.java:206 - Service SPARK-WORKER set state: STARTING -> RUNNING
INFO  2020-12-04 09:57:56,975 Logging.scala:35 - SPARK-WORKER service is running
INFO  2020-12-07 10:16:42,572 Logging.scala:35 - SPARK-WORKER service finished
DEBUG 2020-12-07 10:16:42,579 ServiceRunner.java:198 - Service SPARK-WORKER state is: SHUTTING_DOWN
DEBUG 2020-12-07 10:16:42,582 ServiceRunner.java:198 - Service SPARK-WORKER state is: SHUTTING_DOWN
DEBUG 2020-12-07 10:16:42,582 ServiceRunner.java:220 - Service SPARK-WORKER FAILED changing state: NOT_STARTED -> SHUTTING_DOWN
DEBUG 2020-12-07 10:16:42,583 ServiceRunner.java:220 - Service SPARK-WORKER FAILED changing state: STARTING -> SHUTTING_DOWN
DEBUG 2020-12-07 10:16:42,584 ServiceRunner.java:220 - Service SPARK-WORKER FAILED changing state: RUNNING -> SHUTTING_DOWN
DEBUG 2020-12-07 10:16:42,586 ServiceRunner.java:216 - Service SPARK-WORKER changing state: SHUTTING_DOWN -> TERMINATED
DEBUG 2020-12-07 10:16:42,586 ServiceRunner.java:206 - Service SPARK-WORKER set state: SHUTTING_DOWN -> TERMINATED
DEBUG 2020-12-07 10:21:57,459 ServiceRunner.java:220 - Service SPARK-WORKER FAILED changing state: SHUTTING_DOWN -> NOT_STARTED
DEBUG 2020-12-07 10:21:57,463 ServiceRunner.java:198 - Service SPARK-WORKER state is: NOT_STARTED
INFO  2020-12-07 10:21:57,466 Logging.scala:35 - Spark Master not ready...
DEBUG 2020-12-07 10:21:58,471 ServiceRunner.java:198 - Service SPARK-WORKER state is: NOT_STARTED
INFO  2020-12-07 10:21:58,473 Logging.scala:35 - Spark Master not ready...
DEBUG 2020-12-07 10:21:59,474 ServiceRunner.java:198 - Service SPARK-WORKER state is: NOT_STARTED
INFO  2020-12-07 10:21:59,477 Logging.scala:35 - Spark Master not ready...
DEBUG 2020-12-07 10:22:00,480 ServiceRunner.java:198 - Service SPARK-WORKER state is: NOT_STARTED
INFO  2020-12-07 10:22:00,482 Logging.scala:35 - Spark Master not ready...
DEBUG 2020-12-07 10:22:01,485 ServiceRunner.java:198 - Service SPARK-WORKER state is: NOT_STARTED
INFO  2020-12-07 10:22:01,487 Logging.scala:35 - Spark Master not ready...
DEBUG 2020-12-07 10:22:02,489 ServiceRunner.java:198 - Service SPARK-WORKER state is: NOT_STARTED
INFO  2020-12-07 10:22:02,491 Logging.scala:35 - Spark Master not ready...
DEBUG 2020-12-07 10:22:03,471 ServiceRunner.java:198 - Service SPARK-WORKER state is: NOT_STARTED
INFO  2020-12-07 10:22:03,473 Logging.scala:35 - Spark Master not ready...
DEBUG 2020-12-07 10:22:04,475 ServiceRunner.java:198 - Service SPARK-WORKER state is: NOT_STARTED
INFO  2020-12-07 10:22:04,479 Logging.scala:35 - Spark Master not ready...
DEBUG 2020-12-07 10:22:05,482 ServiceRunner.java:216 - Service SPARK-WORKER changing state: NOT_STARTED -> STARTING
DEBUG 2020-12-07 10:22:05,484 ServiceRunner.java:206 - Service SPARK-WORKER set state: NOT_STARTED -> STARTING
INFO  2020-12-07 10:22:05,486 Logging.scala:35 - Starting SPARK-WORKER service
INFO  2020-12-07 10:22:05,505 Logging.scala:54 - Changing view acls to: dse
INFO  2020-12-07 10:22:05,507 Logging.scala:54 - Changing modify acls to: dse
INFO  2020-12-07 10:22:05,509 Logging.scala:54 - Changing view acls groups to: 
INFO  2020-12-07 10:22:05,511 Logging.scala:54 - Changing modify acls groups to: 
INFO  2020-12-07 10:22:05,513 Logging.scala:54 - SecurityManager: authentication disabled; ui acls disabled; users  with view permissions: Set(dse); groups with view permissions: Set(); users  with modify permissions: Set(dse); groups with modify permissions: Set()
INFO  2020-12-07 10:22:05,593 Logging.scala:54 - Successfully started service 'sparkWorker' on port 38683.
INFO  2020-12-07 10:22:05,784 DseSparkWorker.scala:83 - Temporary data locations: /var/lib/spark/rdd
DEBUG 2020-12-07 10:22:05,794 ServiceRunner.java:216 - Service SPARK-WORKER changing state: STARTING -> RUNNING
DEBUG 2020-12-07 10:22:05,795 ServiceRunner.java:206 - Service SPARK-WORKER set state: STARTING -> RUNNING
INFO  2020-12-07 10:22:05,796 Logging.scala:35 - SPARK-WORKER service is running
INFO  2020-12-09 10:27:44,734 Logging.scala:35 - SPARK-WORKER service finished
DEBUG 2020-12-09 10:27:44,745 ServiceRunner.java:198 - Service SPARK-WORKER state is: SHUTTING_DOWN
DEBUG 2020-12-09 10:27:44,747 ServiceRunner.java:198 - Service SPARK-WORKER state is: SHUTTING_DOWN
DEBUG 2020-12-09 10:27:44,749 ServiceRunner.java:220 - Service SPARK-WORKER FAILED changing state: NOT_STARTED -> SHUTTING_DOWN
DEBUG 2020-12-09 10:27:44,749 ServiceRunner.java:220 - Service SPARK-WORKER FAILED changing state: STARTING -> SHUTTING_DOWN
DEBUG 2020-12-09 10:27:44,751 ServiceRunner.java:220 - Service SPARK-WORKER FAILED changing state: RUNNING -> SHUTTING_DOWN
DEBUG 2020-12-09 10:27:44,754 ServiceRunner.java:216 - Service SPARK-WORKER changing state: SHUTTING_DOWN -> TERMINATED
DEBUG 2020-12-09 10:27:44,755 ServiceRunner.java:206 - Service SPARK-WORKER set state: SHUTTING_DOWN -> TERMINATED
