INFO  2020-12-04 09:19:12,577 ServerGremlinExecutor.java:108 - Initialized Gremlin thread pool.  Threads in pool named with pattern gremlin-*
INFO  2020-12-04 09:19:13,528 UUIDs.java:161 - PID obtained through native call to getpid(): 1
INFO  2020-12-04 09:19:14,109 GraphYamlConfigurationReader.java:185 - Loading graph settings from jar:file:/opt/dse/lib/dse-graph-6.8.7.jar!/default-sandbox-rules.yaml
INFO  2020-12-04 09:19:14,268 GraphYamlConfigurationReader.java:185 - Loading graph settings from file:/opt/dse/resources/dse/conf/dse.yaml
INFO  2020-12-04 09:19:14,285 GraphYamlConfigurationReader.java:102 - No graph settings found in DSE config file at file:/opt/dse/resources/dse/conf/dse.yaml (lacks top-level key named graph)
INFO  2020-12-04 09:19:14,297 ServerGremlinExecutor.java:130 - Initialized GremlinExecutor and preparing GremlinScriptEngines instances.
INFO  2020-12-04 09:19:20,354 ServerGremlinExecutor.java:143 - Initialized gremlin-groovy GremlinScriptEngine and registered metrics
INFO  2020-12-04 09:19:20,390 OpLoader.java:46 - Adding the standard OpProcessor.
INFO  2020-12-04 09:19:20,406 OpLoader.java:46 - Adding the session OpProcessor.
INFO  2020-12-04 09:19:20,436 OpLoader.java:46 - Adding the traversal OpProcessor.
INFO  2020-12-04 09:19:20,457 TraversalOpProcessor.java:167 - Initialized cache for TraversalOpProcessor with size 1000 and expiration time of 600000 ms
INFO  2020-12-04 09:19:20,521 GremlinServer.java:204 - idleConnectionTimeout was set to 0 which resolves to 0 seconds when configuring this value - this feature will be disabled
INFO  2020-12-04 09:19:20,525 GremlinServer.java:206 - keepAliveInterval was set to 0 which resolves to 0 seconds when configuring this value - this feature will be disabled
INFO  2020-12-04 09:19:20,609 AbstractChannelizer.java:250 - Configured application/vnd.gremlin-v1.0+json with org.apache.tinkerpop.gremlin.driver.ser.GraphSONMessageSerializerGremlinV1d0
INFO  2020-12-04 09:19:20,614 AbstractChannelizer.java:250 - Configured application/json with org.apache.tinkerpop.gremlin.driver.ser.GraphSONMessageSerializerV1d0
WARN  2020-12-04 09:19:20,620 AbstractChannelizer.java:222 - The org.apache.tinkerpop.gremlin.driver.ser.GraphSONMessageSerializerGremlinV2d0 serialization class is deprecated.
INFO  2020-12-04 09:19:20,768 AbstractChannelizer.java:250 - Configured application/vnd.gremlin-v2.0+json with org.apache.tinkerpop.gremlin.driver.ser.GraphSONMessageSerializerGremlinV2d0
INFO  2020-12-04 09:19:20,770 AbstractChannelizer.java:247 - application/json already has org.apache.tinkerpop.gremlin.driver.ser.GraphSONMessageSerializerV1d0 configured - it will not be replaced by org.apache.tinkerpop.gremlin.driver.ser.GraphSONMessageSerializerGremlinV2d0, change order of serialization configuration if this is not desired.
INFO  2020-12-04 09:19:20,777 AbstractChannelizer.java:250 - Configured application/vnd.gremlin-v3.0+json with org.apache.tinkerpop.gremlin.driver.ser.GraphSONMessageSerializerV3d0
INFO  2020-12-04 09:19:20,780 AbstractChannelizer.java:247 - application/json already has org.apache.tinkerpop.gremlin.driver.ser.GraphSONMessageSerializerV1d0 configured - it will not be replaced by org.apache.tinkerpop.gremlin.driver.ser.GraphSONMessageSerializerV3d0, change order of serialization configuration if this is not desired.
WARN  2020-12-04 09:19:20,786 AbstractChannelizer.java:222 - The org.apache.tinkerpop.gremlin.driver.ser.GryoMessageSerializerV1d0 serialization class is deprecated.
INFO  2020-12-04 09:19:20,791 AbstractChannelizer.java:250 - Configured application/vnd.gremlin-v1.0+gryo-stringd with org.apache.tinkerpop.gremlin.driver.ser.GryoMessageSerializerV1d0
WARN  2020-12-04 09:19:20,799 AbstractChannelizer.java:222 - The org.apache.tinkerpop.gremlin.driver.ser.GryoMessageSerializerV3d0 serialization class is deprecated.
INFO  2020-12-04 09:19:20,803 AbstractChannelizer.java:250 - Configured application/vnd.gremlin-v3.0+gryo-stringd with org.apache.tinkerpop.gremlin.driver.ser.GryoMessageSerializerV3d0
WARN  2020-12-04 09:19:20,818 AbstractChannelizer.java:222 - The org.apache.tinkerpop.gremlin.driver.ser.GryoLiteMessageSerializerV1d0 serialization class is deprecated.
INFO  2020-12-04 09:19:20,826 AbstractChannelizer.java:250 - Configured application/vnd.gremlin-v1.0+gryo-lite with org.apache.tinkerpop.gremlin.driver.ser.GryoLiteMessageSerializerV1d0
WARN  2020-12-04 09:19:20,829 AbstractChannelizer.java:222 - The org.apache.tinkerpop.gremlin.driver.ser.GryoMessageSerializerV1d0 serialization class is deprecated.
INFO  2020-12-04 09:19:20,836 AbstractChannelizer.java:250 - Configured application/vnd.gremlin-v1.0+gryo with org.apache.tinkerpop.gremlin.driver.ser.GryoMessageSerializerV1d0
WARN  2020-12-04 09:19:20,842 AbstractChannelizer.java:222 - The org.apache.tinkerpop.gremlin.driver.ser.GryoMessageSerializerV3d0 serialization class is deprecated.
INFO  2020-12-04 09:19:20,847 AbstractChannelizer.java:250 - Configured application/vnd.gremlin-v3.0+gryo with org.apache.tinkerpop.gremlin.driver.ser.GryoMessageSerializerV3d0
INFO  2020-12-04 09:19:21,249 AbstractChannelizer.java:250 - Configured application/vnd.graphbinary-v1.0 with org.apache.tinkerpop.gremlin.driver.ser.GraphBinaryMessageSerializerV1
INFO  2020-12-04 09:19:21,303 TraversalOpProcessor.java:167 - Initialized cache for TraversalOpProcessor with size 1000 and expiration time of 600000 ms
